<?xml version="1.0" encoding="UTF-8" ?>
<testsuite tests="3" failures="0" name="org.joget.directory.model.service.TestDirectoryManager" time="12.535" errors="0" skipped="0">
  <properties>
[...]
</properties>
  <testcase classname="org.joget.directory.model.service.TestDirectoryManager" name="testUsersAndGroups" time="2.615"/>
  <testcase classname="org.joget.directory.model.service.TestDirectoryManager" name="testOrganizationChart" time="2.469"/>
  <testcase classname="org.joget.directory.model.service.TestDirectoryManager" name="testDeletion" time="1.044"/>
</testsuite>